<?xml version="1.0" encoding="utf-8"?><testsuites name="pytest tests"><testsuite name="pytest" errors="0" failures="0" skipped="0" tests="19" time="25.366" timestamp="2026-05-06T17:17:33.980388+00:00" hostname="agent-env-fa677ab0-6bef-4972-bbf0-b73fcf0fca9b"><testcase classname="backend.tests.test_jarvis_v2_features.TestFaceVerificationLogin" name="test_login_without_image_fallback_mode" time="0.307" /><testcase classname="backend.tests.test_jarvis_v2_features.TestFaceVerificationLogin" name="test_login_with_blank_image_no_face" time="0.142" /><testcase classname="backend.tests.test_jarvis_v2_features.TestFaceVerificationLogin" name="test_login_with_synthetic_face_image" time="0.148" /><testcase classname="backend.tests.test_jarvis_v2_features.TestFaceVerificationLogin" name="test_login_with_data_uri_prefix" time="0.207" /><testcase classname="backend.tests.test_jarvis_v2_features.TestFaceVerificationLogin" name="test_login_with_invalid_base64_image" time="0.258" /><testcase classname="backend.tests.test_jarvis_v2_features.TestFaceEnrollment" name="test_enroll_face_requires_auth" time="0.288" /><testcase classname="backend.tests.test_jarvis_v2_features.TestFaceEnrollment" name="test_enroll_face_with_blank_image" time="0.305" /><testcase classname="backend.tests.test_jarvis_v2_features.TestFaceEnrollment" name="test_enroll_face_with_synthetic_face" time="0.356" /><testcase classname="backend.tests.test_jarvis_v2_features.TestFaceEnrollment" name="test_enroll_face_with_invalid_image" time="0.282" /><testcase classname="backend.tests.test_jarvis_v2_features.TestVSCodeActionEndpoint" name="test_vscode_action_requires_auth" time="0.267" /><testcase classname="backend.tests.test_jarvis_v2_features.TestVSCodeActionEndpoint" name="test_vscode_action_explain" time="7.185" /><testcase classname="backend.tests.test_jarvis_v2_features.TestVSCodeActionEndpoint" name="test_vscode_action_fix" time="2.006" /><testcase classname="backend.tests.test_jarvis_v2_features.TestVSCodeActionEndpoint" name="test_vscode_action_generate" time="5.603" /><testcase classname="backend.tests.test_jarvis_v2_features.TestVSCodeActionEndpoint" name="test_vscode_action_complete" time="1.170" /><testcase classname="backend.tests.test_jarvis_v2_features.TestVSCodeActionEndpoint" name="test_vscode_action_refactor" time="3.736" /><testcase classname="backend.tests.test_jarvis_v2_features.TestVSCodeActionEndpoint" name="test_vscode_action_chat" time="1.911" /><testcase classname="backend.tests.test_jarvis_v2_features.TestVSCodeActionEndpoint" name="test_vscode_action_unknown_action" time="0.253" /><testcase classname="backend.tests.test_jarvis_v2_features.TestVSCodeStatusEndpoint" name="test_vscode_status_requires_auth" time="0.263" /><testcase classname="backend.tests.test_jarvis_v2_features.TestVSCodeStatusEndpoint" name="test_vscode_status_returns_capabilities" time="0.335" /></testsuite></testsuites>