<?xml version="1.0" encoding="utf-8"?><testsuites name="pytest tests"><testsuite name="pytest" errors="0" failures="0" skipped="0" tests="17" time="9.818" timestamp="2026-05-06T17:04:21.058139+00:00" hostname="agent-env-fa677ab0-6bef-4972-bbf0-b73fcf0fca9b"><testcase classname="backend.tests.test_jarvis_api.TestHealthEndpoint" name="test_health_returns_online" time="0.260" /><testcase classname="backend.tests.test_jarvis_api.TestAuthEndpoint" name="test_login_biometric_success" time="0.173" /><testcase classname="backend.tests.test_jarvis_api.TestAuthEndpoint" name="test_login_default_method" time="0.137" /><testcase classname="backend.tests.test_jarvis_api.TestProtectedEndpoints" name="test_unauthorized_without_token" time="0.242" /><testcase classname="backend.tests.test_jarvis_api.TestProtectedEndpoints" name="test_unauthorized_with_invalid_token" time="0.457" /><testcase classname="backend.tests.test_jarvis_api.TestSystemMetrics" name="test_system_metrics_returns_cpu_data" time="0.273" /><testcase classname="backend.tests.test_jarvis_api.TestSystemMetrics" name="test_system_metrics_returns_memory_data" time="0.377" /><testcase classname="backend.tests.test_jarvis_api.TestSystemMetrics" name="test_system_metrics_returns_disk_data" time="0.262" /><testcase classname="backend.tests.test_jarvis_api.TestWeatherEndpoint" name="test_weather_returns_data" time="0.917" /><testcase classname="backend.tests.test_jarvis_api.TestStatusEndpoint" name="test_status_returns_online" time="0.261" /><testcase classname="backend.tests.test_jarvis_api.TestCommandEndpoint" name="test_command_processes_simple_query" time="2.769" /><testcase classname="backend.tests.test_jarvis_api.TestCommandEndpoint" name="test_command_rejects_empty_command" time="0.289" /><testcase classname="backend.tests.test_jarvis_api.TestCommandEndpoint" name="test_command_rejects_whitespace_only" time="0.316" /><testcase classname="backend.tests.test_jarvis_api.TestCodeAssistEndpoint" name="test_code_assist_generates_code" time="1.531" /><testcase classname="backend.tests.test_jarvis_api.TestCodeAssistEndpoint" name="test_code_assist_accepts_different_languages" time="0.933" /><testcase classname="backend.tests.test_jarvis_api.TestLLMStatusEndpoint" name="test_llm_status_returns_providers" time="0.134" /><testcase classname="backend.tests.test_jarvis_api.TestHistoryEndpoint" name="test_history_returns_list" time="0.401" /></testsuite></testsuites>